<?xml version="1.0" encoding="UTF-8"?>
<!-- Generated by org.testng.reporters.JUnitXMLReporter -->
<testsuite ignored="17" hostname="Warlock" failures="1" tests="6" name="Test" time="45.25" errors="0" timestamp="2022-12-27T17:20:29 IST">
  <testcase classname="com.swaglabs.testcases.ProductsDetailsPageTest" name="verifyProductDetails" time="4.985"/>
  <testcase classname="com.swaglabs.testcases.LoginPageTest" name="verifyLogin" time="0.819">
    <failure type="java.lang.AssertionError" message="expected [https://www.saucedemo.com/inventory.html] but found [https://www.saucedemo.com/]">
      <![CDATA[java.lang.AssertionError: expected [https://www.saucedemo.com/inventory.html] but found [https://www.saucedemo.com/]
at com.swaglabs.testcases.LoginPageTest.verifyLogin(LoginPageTest.java:37)
at java.base/java.util.ArrayList.forEach(ArrayList.java:1511)
... Removed 37 stack frames]]>
    </failure>
  </testcase> <!-- verifyLogin -->
  <testcase classname="com.swaglabs.testcases.LoginPageTest" name="verifyLogin" time="1.297"/>
  <testcase classname="com.swaglabs.testcases.LoginPageTest" name="verifyLogin" time="6.727"/>
  <testcase classname="com.swaglabs.testcases.LoginPageTest" name="verifyLogin" time="1.201"/>
  <testcase classname="com.swaglabs.testcases.OverviewPageTest" name="verifyOrderTotal" time="6.092"/>
  <testcase classname="com.swaglabs.base.BaseClass" name="@BeforeSuite loadConfig" time="0.0">
    <ignored/>
  </testcase> <!-- @BeforeSuite loadConfig -->
  <testcase classname="com.swaglabs.base.BaseClass" name="@AfterSuite afterSuite" time="0.0">
    <ignored/>
  </testcase> <!-- @AfterSuite afterSuite -->
  <testcase classname="com.swaglabs.base.BaseClass" name="@AfterSuite afterSuite" time="0.0">
    <ignored/>
  </testcase> <!-- @AfterSuite afterSuite -->
  <testcase classname="com.swaglabs.base.BaseClass" name="@BeforeSuite loadConfig" time="0.0">
    <ignored/>
  </testcase> <!-- @BeforeSuite loadConfig -->
  <testcase classname="com.swaglabs.base.BaseClass" name="@AfterSuite afterSuite" time="0.0">
    <ignored/>
  </testcase> <!-- @AfterSuite afterSuite -->
  <testcase classname="com.swaglabs.testcases.InformationPageTest" name="verifyErrorsOnForm" time="0.0">
    <ignored/>
  </testcase> <!-- verifyErrorsOnForm -->
  <testcase classname="com.swaglabs.base.BaseClass" name="@BeforeSuite loadConfig" time="0.0">
    <ignored/>
  </testcase> <!-- @BeforeSuite loadConfig -->
  <testcase classname="com.swaglabs.base.BaseClass" name="@BeforeSuite loadConfig" time="0.0">
    <ignored/>
  </testcase> <!-- @BeforeSuite loadConfig -->
  <testcase classname="com.swaglabs.base.BaseClass" name="@AfterSuite afterSuite" time="0.0">
    <ignored/>
  </testcase> <!-- @AfterSuite afterSuite -->
  <testcase classname="com.swaglabs.testcases.SummaryPageTest" name="VerifySummaryDetails" time="0.0">
    <ignored/>
  </testcase> <!-- VerifySummaryDetails -->
  <testcase classname="com.swaglabs.testcases.ProductsPageTest" name="verifyAddProductFunctionality" time="0.0">
    <ignored/>
  </testcase> <!-- verifyAddProductFunctionality -->
  <testcase classname="com.swaglabs.testcases.E2ETest" name="verifyEntToEndFlow" time="0.0">
    <ignored/>
  </testcase> <!-- verifyEntToEndFlow -->
  <testcase classname="com.swaglabs.base.BaseClass" name="@AfterSuite afterSuite" time="0.0">
    <ignored/>
  </testcase> <!-- @AfterSuite afterSuite -->
  <testcase classname="com.swaglabs.base.BaseClass" name="@BeforeSuite loadConfig" time="0.0">
    <ignored/>
  </testcase> <!-- @BeforeSuite loadConfig -->
  <testcase classname="com.swaglabs.testcases.ProductsPageTest" name="verifyHeader" time="0.0">
    <ignored/>
  </testcase> <!-- verifyHeader -->
  <testcase classname="com.swaglabs.base.BaseClass" name="@AfterSuite afterSuite" time="0.0">
    <ignored/>
  </testcase> <!-- @AfterSuite afterSuite -->
  <testcase classname="com.swaglabs.base.BaseClass" name="@BeforeSuite loadConfig" time="0.0">
    <ignored/>
  </testcase> <!-- @BeforeSuite loadConfig -->
</testsuite> <!-- Test -->
